[Info] Desktop screen settings detected. DPI: 96 DPI Multiplier: 1.000000 BPP: 32.
[Info] Localization loaded for: 'th-TH'.
[Info] Settings file full path: 'C:\Program Files (x86)\Gravity Game Tech\RagnarokOnline - 07.08.63\RagnarokOnline - 07.08.63\EasyAntiCheat\Launcher\Settings.json'.
[Info] Start. ExecutablePath: 'C:\Program Files (x86)\Gravity Game Tech\RagnarokOnline - 07.08.63\RagnarokOnline - 07.08.63\/Ragexe.exe' LaunchParameters: '/Ragexe.exe' LaunchParameters: '1rag1 -eac_executablename "Ragexe.exe" -eac_executablename "Ragexe.exe"' WorkingDirectory: ''.
[Info] Finished window initialization.
[Info] [LauncherProgress] 0%.
[Info] [LauncherProgress] 0%.
[Info] [LauncherProgress] 0%.
[Info] [LauncherProgress] 0%.
[Info] [LauncherProgress] 0%.
[Info] [LauncherProgress] 0%.
[Info] [LauncherProgress] 0%.
[Info] [LauncherProgress] 0%.
[Info] [LauncherProgress] 0%.
[Info] [LauncherProgress] 0%.
[Info] [LauncherProgress] 0%.
[Info] [LauncherProgress] 0%.
[Info] [LauncherProgress] 0%.
[Info] [LauncherProgress] 0%.
[Info] [LauncherProgress] 0%.
[Info] [LauncherProgress] 0%.
[Info] [LauncherProgress] 0%.
[Info] [LauncherProgress] 0%.
[Info] [LauncherProgress] 0%.
[Info] [LauncherProgress] 0%.
[Info] [LauncherProgress] 0%.
[Info] [LauncherProgress] 0%.
[Info] [LauncherProgress] 0%.
[Info] [LauncherProgress] 0%.
[Info] [LauncherProgress] 0%.
[Info] [LauncherProgress] 0%.
[Info] [LauncherProgress] 0%.
[Info] [LauncherFinished] EACAsyncResult: 0 Message: 'EasyAntiCheat 